Battle Log:
Battle Mode: Ruby/Sapphire
Rule: Sleep Clause
Rule: Freeze Clause
Rule: Self-KO Clause
Rule: Apply PP Ups
Rule: Battle Timeout
Rule: Unrated
[Azn] husk vs Loki. Begin!
[Azn] husk sent out Swampert (Lv.100 Swampert)!
Loki sent out Marcus Garvey (Lv.100 Gengar)!
Sexyman has started watching.
Loki: gl

Begin Turn #1
[Azn] husk withdrew Swampert!
[Azn] husk sent out Regice (Lv.100 Regice)!
---------------------------------
Marcus Garvey used Hypnosis!
Marcus Garvey's attack missed!
---------------------------------
End of turn #1
[Azn] husk's Regice: 100% HP
Loki's Marcus Garvey: 261 HP
[Azn] husk: same to you
[Azn] shiv has started watching.

Begin Turn #2
Marcus Garvey used Hypnosis!
Marcus Garvey's attack missed!
---------------------------------
Regice used Ice Beam!
(149 damage)
---------------------------------
Marcus Garvey's Leftovers restored its HP a little!
End of turn #2
[Azn] husk's Regice: 100% HP
Loki's Marcus Garvey: 128 HP
[Azn] goofball has started watching.

Begin Turn #3
[Azn] husk withdrew Regice!
[Azn] husk sent out Skarmory (Lv.100 Skarmory)!
---------------------------------
Loki withdrew Marcus Garvey!
Loki sent out Michael Moore (Lv.100 Swampert)!
---------------------------------
End of turn #3
[Azn] husk's Skarmory: 100% HP
Loki's Michael Moore: 404 HP
[Azn] shiv: husk!

Begin Turn #4
Loki withdrew Michael Moore!
Loki sent out MIKE JONES (Lv.100 Tyranitar)!
MIKE JONES's Sand Stream whipped up a sandstorm!
---------------------------------
Skarmory used Spikes!
Loki's team had Spikes scattered around it!
---------------------------------
The sandstorm rages.
End of turn #4
[Azn] husk's Skarmory: 100% HP
Loki's MIKE JONES: 342 HP
Exploding Bears has started watching.
Aeolus has started watching.

Begin Turn #5
[Azn] husk withdrew Skarmory!
[Azn] husk sent out Swampert (Lv.100 Swampert)!
---------------------------------
Loki withdrew MIKE JONES!
Loki sent out Dasani (Lv.100 Milotic)!
Dasani is hurt by Spikes!
---------------------------------
The sandstorm rages.
Dasani is buffeted by the sandstorm!
Dasani's Leftovers restored its HP a little!
End of turn #5
[Azn] husk's Swampert: 100% HP
Loki's Dasani: 345 HP

Begin Turn #6
[Azn] husk withdrew Swampert!
[Azn] husk sent out Celebi (Lv.100 Celebi)!
---------------------------------
Dasani used Light Screen!
Loki's team's Light Screen raised Special Defense!
---------------------------------
The sandstorm rages.
Celebi is buffeted by the sandstorm!
Dasani is buffeted by the sandstorm!
Celebi's Leftovers restored its HP a little!
Dasani's Leftovers restored its HP a little!
End of turn #6
[Azn] husk's Celebi: 100% HP
Loki's Dasani: 345 HP
[Azn] groudon80 has started watching.

Begin Turn #7
Loki withdrew Dasani!
Loki sent out Harry Truman (Lv.100 Skarmory)!
---------------------------------
Celebi used Calm Mind!
Celebi's Special Attack rose!
Celebi's Special Defense rose!
---------------------------------
The sandstorm rages.
Celebi is buffeted by the sandstorm!
Celebi's Leftovers restored its HP a little!
End of turn #7
[Azn] husk's Celebi: 100% HP
Loki's Harry Truman: 334 HP
Anyone has started watching.

Begin Turn #8
Celebi used Baton Pass!
[Azn] husk sent out Regice (Lv.100 Regice)!
---------------------------------
Harry Truman used Roar!
Regice fled from battle!
Swampert (Lv.100 Swampert) was dragged out!
---------------------------------
The sandstorm rages.
End of turn #8
[Azn] husk's Swampert: 100% HP
Loki's Harry Truman: 334 HP
p3n3s I Evil_Goku has started watching.

Begin Turn #9
[Azn] husk withdrew Swampert!
[Azn] husk sent out Zapdos (Lv.100 Zapdos)!
---------------------------------
Harry Truman used Spikes!
[Azn] husk's team had Spikes scattered around it!
---------------------------------
The sandstorm rages.
Zapdos is buffeted by the sandstorm!
Zapdos's Leftovers restored its HP a little!
End of turn #9
[Azn] husk's Zapdos: 100% HP
Loki's Harry Truman: 334 HP

Begin Turn #10
Loki withdrew Harry Truman!
Loki sent out Sierra Mist (Lv.100 Flygon)!
---------------------------------
Zapdos used Thunderbolt!
It doesn't affect Sierra Mist...
---------------------------------
Loki's team's Light Screen wore off!
The sandstorm rages.
Zapdos is buffeted by the sandstorm!
Zapdos's Leftovers restored its HP a little!
End of turn #10
[Azn] husk's Zapdos: 100% HP
Loki's Sierra Mist: 327 HP

Begin Turn #11
[Azn] husk withdrew Zapdos!
[Azn] husk sent out Swampert (Lv.100 Swampert)!
Swampert is hurt by Spikes!
---------------------------------
Sierra Mist used Rock Slide!
(9% damage)
It's not very effective...
---------------------------------
The sandstorm rages.
Swampert's Leftovers restored its HP a little!
End of turn #11
[Azn] husk's Swampert: 85% HP
Loki's Sierra Mist: 327 HP

Begin Turn #12
[Azn] husk withdrew Swampert!
[Azn] husk sent out Celebi (Lv.100 Celebi)!
Celebi is hurt by Spikes!
---------------------------------
Loki withdrew Sierra Mist!
Loki sent out Dasani (Lv.100 Milotic)!
Dasani is hurt by Spikes!
---------------------------------
The sandstorm rages.
Celebi is buffeted by the sandstorm!
Dasani is buffeted by the sandstorm!
Celebi's Leftovers restored its HP a little!
Dasani's Leftovers restored its HP a little!
End of turn #12
[Azn] husk's Celebi: 88% HP
Loki's Dasani: 296 HP

Begin Turn #13
Celebi used Calm Mind!
Celebi's Special Attack rose!
Celebi's Special Defense rose!
---------------------------------
Dasani used Light Screen!
Loki's team's Light Screen raised Special Defense!
---------------------------------
The sandstorm rages.
Celebi is buffeted by the sandstorm!
Dasani is buffeted by the sandstorm!
Celebi's Leftovers restored its HP a little!
Dasani's Leftovers restored its HP a little!
End of turn #13
[Azn] husk's Celebi: 88% HP
Loki's Dasani: 296 HP

Begin Turn #14
Loki withdrew Dasani!
Loki sent out Harry Truman (Lv.100 Skarmory)!
---------------------------------
Celebi used Baton Pass!
[Azn] husk sent out Zapdos (Lv.100 Zapdos)!
---------------------------------
The sandstorm rages.
Zapdos is buffeted by the sandstorm!
Zapdos's Leftovers restored its HP a little!
End of turn #14
[Azn] husk's Zapdos: 100% HP
Loki's Harry Truman: 334 HP
Bangladesh has started watching.

Begin Turn #15
Loki withdrew Harry Truman!
Loki sent out Sierra Mist (Lv.100 Flygon)!
---------------------------------
Zapdos used Thunderbolt!
It doesn't affect Sierra Mist...
---------------------------------
The sandstorm rages.
Zapdos is buffeted by the sandstorm!
Zapdos's Leftovers restored its HP a little!
End of turn #15
[Azn] husk's Zapdos: 100% HP
Loki's Sierra Mist: 327 HP

Begin Turn #16
Zapdos used Hidden Power!
(327 damage)
A critical hit!
It's super effective!
Sierra Mist fainted!
Bangladesh: oof
Roy has started watching.
[Azn] shiv: ouch
p3n3s I Evil_Goku: CH...
Aeolus: well played
Loki sent out Marcus Garvey (Lv.100 Gengar)!
---------------------------------
The sandstorm rages.
Marcus Garvey is buffeted by the sandstorm!
Zapdos is buffeted by the sandstorm!
Marcus Garvey's Leftovers restored its HP a little!
Zapdos's Leftovers restored its HP a little!
End of turn #16
[Azn] husk's Zapdos: 100% HP
Loki's Marcus Garvey: 128 HP
[Azn] husk: miss!

Begin Turn #17
Marcus Garvey used Explosion!
(100% damage)
Zapdos fainted!
Marcus Garvey fainted!
[Azn] husk: oh heh
Sexyman: good
Loki: i hope not
Loki: lol
[Azn] groudon80: husky =[
Aeolus: also well played
[Azn] husk: yeah
[Azn] husk: I was thinking about it...
[Azn] husk sent out Swampert (Lv.100 Swampert)!
Swampert is hurt by Spikes!
Loki sent out Michael Moore (Lv.100 Swampert)!
Michael Moore is hurt by Spikes!
---------------------------------
Loki's team's Light Screen wore off!
The sandstorm rages.
Michael Moore's Leftovers restored its HP a little!
Swampert's Leftovers restored its HP a little!
End of turn #17
[Azn] husk's Swampert: 79% HP
Loki's Michael Moore: 379 HP
Aeolus: lol, you were fixated on hypnosis

Begin Turn #18
Swampert used Surf!
(111 damage)
---------------------------------
Michael Moore used Earthquake!
(30% damage)
---------------------------------
The sandstorm rages.
Michael Moore's Leftovers restored its HP a little!
Swampert's Leftovers restored its HP a little!
End of turn #18
[Azn] husk's Swampert: 55% HP
Loki's Michael Moore: 293 HP
[Azn] husk: I was sure he would try to get that hypnosis in before he would boom

Begin Turn #19
Swampert used Earthquake!
(120 damage)
---------------------------------
Michael Moore used Earthquake!
(27% damage)
---------------------------------
The sandstorm rages.
Michael Moore's Leftovers restored its HP a little!
Swampert's Leftovers restored its HP a little!
End of turn #19
[Azn] husk's Swampert: 34% HP
Loki's Michael Moore: 198 HP

Begin Turn #20
Michael Moore used Rest!
Michael Moore went to sleep!
---------------------------------
Swampert used Surf!
(109 damage)
---------------------------------
The sandstorm rages.
Swampert's Leftovers restored its HP a little!
Michael Moore's Leftovers restored its HP a little!
End of turn #20
[Azn] husk's Swampert: 40% HP
Loki's Michael Moore: 320 HP (Slp)

Begin Turn #21
[Azn] husk withdrew Swampert!
[Azn] husk sent out Celebi (Lv.100 Celebi)!
Celebi is hurt by Spikes!
---------------------------------
Loki withdrew Michael Moore!
Loki sent out Dasani (Lv.100 Milotic)!
Dasani is hurt by Spikes!
---------------------------------
The sandstorm rages.
Celebi is buffeted by the sandstorm!
Dasani is buffeted by the sandstorm!
Celebi's Leftovers restored its HP a little!
Dasani's Leftovers restored its HP a little!
End of turn #21
[Azn] husk's Celebi: 75% HP
Loki's Dasani: 247 HP

Begin Turn #22
Celebi used Psychic!
(89 damage)
---------------------------------
Dasani used Light Screen!
Loki's team's Light Screen raised Special Defense!
---------------------------------
The sandstorm rages.
Celebi is buffeted by the sandstorm!
Dasani is buffeted by the sandstorm!
Celebi's Leftovers restored its HP a little!
Dasani's Leftovers restored its HP a little!
End of turn #22
[Azn] husk's Celebi: 75% HP
Loki's Dasani: 158 HP

Begin Turn #23
Celebi used Calm Mind!
Celebi's Special Attack rose!
Celebi's Special Defense rose!
---------------------------------
Dasani used Recover!
Dasani regained health!
---------------------------------
The sandstorm rages.
Celebi is buffeted by the sandstorm!
Dasani is buffeted by the sandstorm!
Celebi's Leftovers restored its HP a little!
Dasani's Leftovers restored its HP a little!
End of turn #23
[Azn] husk's Celebi: 75% HP
Loki's Dasani: 355 HP

Begin Turn #24
Loki withdrew Dasani!
Loki sent out Harry Truman (Lv.100 Skarmory)!
---------------------------------
Celebi used Baton Pass!
[Azn] husk sent out Regice (Lv.100 Regice)!
Regice is hurt by Spikes!
---------------------------------
The sandstorm rages.
Regice is buffeted by the sandstorm!
Regice's Leftovers restored its HP a little!
End of turn #24
[Azn] husk's Regice: 87% HP
Loki's Harry Truman: 334 HP

Begin Turn #25
Regice used Thunderbolt!
(151 damage)
It's super effective!
---------------------------------
Harry Truman used Roar!
Regice fled from battle!
Dugtrio (Lv.100 Dugtrio) was dragged out!
Dugtrio is hurt by Spikes!
---------------------------------
The sandstorm rages.
Harry Truman's Leftovers restored its HP a little!
End of turn #25
[Azn] husk's Dugtrio: 88% HP
Loki's Harry Truman: 203 HP
[Azn] husk: oh wow

Begin Turn #26
[Azn] husk withdrew Dugtrio!
[Azn] husk sent out Regice (Lv.100 Regice)!
Regice is hurt by Spikes!
---------------------------------
Harry Truman used Spikes!
[Azn] husk's team had Spikes scattered around it!
---------------------------------
Loki's team's Light Screen wore off!
The sandstorm rages.
Regice is buffeted by the sandstorm!
Harry Truman's Leftovers restored its HP a little!
Regice's Leftovers restored its HP a little!
End of turn #26
[Azn] husk's Regice: 75% HP
Loki's Harry Truman: 223 HP

Begin Turn #27
Loki withdrew Harry Truman!
Loki sent out Michael Moore (Lv.100 Swampert)!
Michael Moore is hurt by Spikes!
---------------------------------
Regice used Ice Beam!
(113 damage)
---------------------------------
The sandstorm rages.
Regice is buffeted by the sandstorm!
Regice's Leftovers restored its HP a little!
Michael Moore's Leftovers restored its HP a little!
End of turn #27
[Azn] husk's Regice: 75% HP
Loki's Michael Moore: 182 HP (Slp)

Begin Turn #28
Loki withdrew Michael Moore!
Loki sent out Dasani (Lv.100 Milotic)!
Dasani is hurt by Spikes!
---------------------------------
Regice used Ice Beam!
(50 damage)
It's not very effective...
---------------------------------
The sandstorm rages.
Dasani is buffeted by the sandstorm!
Regice is buffeted by the sandstorm!
Dasani's Leftovers restored its HP a little!
Regice's Leftovers restored its HP a little!
End of turn #28
[Azn] husk's Regice: 75% HP
Loki's Dasani: 256 HP

Begin Turn #29
Dasani used Light Screen!
Loki's team's Light Screen raised Special Defense!
---------------------------------
Regice used Thunderbolt!
(65 damage)
It's super effective!
Dasani is paralyzed! It may be unable to move!
---------------------------------
The sandstorm rages.
Regice is buffeted by the sandstorm!
Dasani is buffeted by the sandstorm!
Regice's Leftovers restored its HP a little!
Dasani's Leftovers restored its HP a little!
End of turn #29
[Azn] husk's Regice: 75% HP
Loki's Dasani: 191 HP (Par)
[Azn] husk: oh fuck
HK has started watching.

Begin Turn #30
[Azn] husk withdrew Regice!
[Azn] husk sent out Celebi (Lv.100 Celebi)!
Celebi is hurt by Spikes!
---------------------------------
Dasani used Recover!
Dasani regained health!
---------------------------------
The sandstorm rages.
Celebi is buffeted by the sandstorm!
Dasani is buffeted by the sandstorm!
Celebi's Leftovers restored its HP a little!
Dasani's Leftovers restored its HP a little!
End of turn #30
[Azn] husk's Celebi: 56% HP
Loki's Dasani: 388 HP (Par)

Begin Turn #31
Loki withdrew Dasani!
Loki sent out Harry Truman (Lv.100 Skarmory)!
---------------------------------
Celebi used Baton Pass!
[Azn] husk sent out Regice (Lv.100 Regice)!
Regice is hurt by Spikes!
---------------------------------
The sandstorm rages.
Regice is buffeted by the sandstorm!
Harry Truman's Leftovers restored its HP a little!
Regice's Leftovers restored its HP a little!
End of turn #31
[Azn] husk's Regice: 56% HP
Loki's Harry Truman: 243 HP

Begin Turn #32
Loki withdrew Harry Truman!
Loki sent out Michael Moore (Lv.100 Swampert)!
Michael Moore is hurt by Spikes!
---------------------------------
Regice used Thunderbolt!
It doesn't affect Michael Moore...
---------------------------------
The sandstorm rages.
Regice is buffeted by the sandstorm!
Regice's Leftovers restored its HP a little!
Michael Moore's Leftovers restored its HP a little!
End of turn #32
[Azn] husk's Regice: 56% HP
Loki's Michael Moore: 157 HP (Slp)

Begin Turn #33
[Azn] husk withdrew Regice!
[Azn] husk sent out Skarmory (Lv.100 Skarmory)!
---------------------------------
Michael Moore is fast asleep.
Michael Moore used Sleep Talk!
Michael Moore used Earthquake!
It doesn't affect Skarmory...
---------------------------------
Loki's team's Light Screen wore off!
The sandstorm rages.
Michael Moore's Leftovers restored its HP a little!
End of turn #33
[Azn] husk's Skarmory: 100% HP
Loki's Michael Moore: 182 HP (Slp)

Begin Turn #34
Loki withdrew Michael Moore!
Loki sent out MIKE JONES (Lv.100 Tyranitar)!
MIKE JONES is hurt by Spikes!
---------------------------------
Skarmory used Spikes!
Loki's team had Spikes scattered around it!
---------------------------------
The sandstorm rages.
MIKE JONES's Leftovers restored its HP a little!
End of turn #34
[Azn] husk's Skarmory: 100% HP
Loki's MIKE JONES: 320 HP
Bangladesh: mike jones

Begin Turn #35
MIKE JONES used Earthquake!
It doesn't affect Skarmory...
---------------------------------
Skarmory used Whirlwind!
MIKE JONES was blown away!
Michael Moore (Lv.100 Swampert) was dragged out!
Michael Moore is hurt by Spikes!
---------------------------------
The sandstorm rages.
Michael Moore's Leftovers restored its HP a little!
End of turn #35
[Azn] husk's Skarmory: 100% HP
Loki's Michael Moore: 131 HP (Slp)
Loki: MIKE JONES
Bangladesh: who?
Loki: MIKE JONES

Begin Turn #36
Michael Moore is fast asleep.
Michael Moore used Sleep Talk!
Michael Moore used Ice Beam!
(43% damage)
A critical hit!
---------------------------------
Skarmory used Whirlwind!
Michael Moore was blown away!
Harry Truman (Lv.100 Skarmory) was dragged out!
---------------------------------
The sandstorm rages.
Harry Truman's Leftovers restored its HP a little!
Skarmory's Leftovers restored its HP a little!
End of turn #36
[Azn] husk's Skarmory: 63% HP
Loki's Harry Truman: 263 HP
Aeolus: harry truman is the best
Judgement has started watching.
Loki: the buck stops here

Begin Turn #37
[Azn] husk withdrew Skarmory!
[Azn] husk sent out Regice (Lv.100 Regice)!
Regice is hurt by Spikes!
---------------------------------
Harry Truman used Spikes!
[Azn] husk's team had Spikes scattered around it!
---------------------------------
The sandstorm rages.
Regice is buffeted by the sandstorm!
Harry Truman's Leftovers restored its HP a little!
Regice's Leftovers restored its HP a little!
End of turn #37
[Azn] husk's Regice: 37% HP
Loki's Harry Truman: 283 HP
Aeolus: that's right
Aeolus: haha
Bangladesh: is that the dude from the truman show
Cutetrainer Chris has started watching.
Aeolus: lol
Judgement: no shiv

Begin Turn #38
Regice used Ice Beam!
(172 damage)
---------------------------------
Harry Truman used Roar!
Regice fled from battle!
Celebi (Lv.100 Celebi) was dragged out!
Celebi is hurt by Spikes!
---------------------------------
The sandstorm rages.
Celebi is buffeted by the sandstorm!
Celebi's Leftovers restored its HP a little!
Harry Truman's Leftovers restored its HP a little!
End of turn #38
[Azn] husk's Celebi: 31% HP
Loki's Harry Truman: 131 HP
Aeolus: I hope you aren't serious
Loki: lol

Begin Turn #39
Celebi used Recover!
Celebi regained health!
---------------------------------
Harry Truman used Drill Peck!
(32% damage)
It's super effective!
---------------------------------
The sandstorm rages.
Celebi is buffeted by the sandstorm!
Celebi's Leftovers restored its HP a little!
Harry Truman's Leftovers restored its HP a little!
End of turn #39
[Azn] husk's Celebi: 49% HP
Loki's Harry Truman: 151 HP
Bangladesh: ...i'm not.
Judgement: good
Bangladesh: also where's shiv
[Azn] husk: ok one sec

Begin Turn #40
Celebi used Psychic!
(74 damage)
It's not very effective...
---------------------------------
Harry Truman used Roar!
Celebi fled from battle!
Regice (Lv.100 Regice) was dragged out!
Regice is hurt by Spikes!
---------------------------------
The sandstorm rages.
Regice is buffeted by the sandstorm!
Regice's Leftovers restored its HP a little!
Harry Truman's Leftovers restored its HP a little!
End of turn #40
[Azn] husk's Regice: 12% HP
Loki's Harry Truman: 97 HP
Judgement: eh?

Begin Turn #41
Harry Truman used Drill Peck!
(12% damage)
Regice fainted!
[Azn] husk: oh shit
Bangladesh: i'm not shiv
[Azn] goofball: what
Aeolus: well played loki
[Azn] husk sent out Swampert (Lv.100 Swampert)!
Swampert is hurt by Spikes!
---------------------------------
The sandstorm rages.
Harry Truman's Leftovers restored its HP a little!
Swampert's Leftovers restored its HP a little!
End of turn #41
[Azn] husk's Swampert: 21% HP
Loki's Harry Truman: 117 HP
[Azn] groudon80: husky
[Azn] groudon80: =[

Begin Turn #42
Loki withdrew Harry Truman!
Loki sent out Dasani (Lv.100 Milotic)!
Dasani is hurt by Spikes!
---------------------------------
Swampert used Surf!
(63 damage)
It's not very effective...
---------------------------------
The sandstorm rages.
Dasani is buffeted by the sandstorm!
Swampert's Leftovers restored its HP a little!
Dasani's Leftovers restored its HP a little!
End of turn #42
[Azn] husk's Swampert: 28% HP
Loki's Dasani: 251 HP (Par)
[Azn] husk: that para'ed miltoic
[Azn] husk: milotic
[Azn] husk: =[
Judgement: cmon huks you can do it!
[Azn] husk: ok I have to do something
[Azn] husk: hold up
Loki: k
[Azn] groudon80: that's what screwed me lol
Aeolus: I dont think the para is of any consequence to be honest
Cutetrainer Chris: my battte
[Azn] goofball: he might have toxic
Loki: who
HK: Chris is easy
Bangladesh: chris: fuck you
Aeolus: bigchris
Cutetrainer Chris: ;=(
Bangladesh: big aelous
Bangladesh: aeolus
Aeolus: i'm big
Bangladesh: me too
Aeolus: ...if you know what I mean
Bangladesh: chris likes nigerian cock
Cutetrainer Chris: i like lots of batttes
Bangladesh: batty boy
Bangladesh: HEY FATTY BOM BOM
Aeolus: did you guys know that chris rarely beats me in cc combat?
Aeolus: it is almost embarrassing
Cutetrainer Chris: lol you have like never beaten me in cc

Begin Turn #43
Swampert used Earthquake!
(78 damage)
---------------------------------
Dasani is paralyzed! It can't move!
---------------------------------
The sandstorm rages.
Dasani is buffeted by the sandstorm!
Swampert's Leftovers restored its HP a little!
Dasani's Leftovers restored its HP a little!
End of turn #43
[Azn] husk's Swampert: 34% HP
Loki's Dasani: 173 HP (Par)
Aeolus: I know
Aeolus: lol
HK: i am the best in cc anyways

Begin Turn #44
[Azn] husk withdrew Swampert!
[Azn] husk sent out Celebi (Lv.100 Celebi)!
Celebi is hurt by Spikes!
---------------------------------
Dasani used Recover!
Dasani regained health!
---------------------------------
The sandstorm rages.
Celebi is buffeted by the sandstorm!
Dasani is buffeted by the sandstorm!
Celebi's Leftovers restored its HP a little!
Dasani's Leftovers restored its HP a little!
End of turn #44
[Azn] husk's Celebi: 24% HP
Loki's Dasani: 370 HP (Par)

Begin Turn #45
Celebi used Recover!
Celebi regained health!
---------------------------------
Dasani used Light Screen!
Loki's team's Light Screen raised Special Defense!
---------------------------------
The sandstorm rages.
Celebi is buffeted by the sandstorm!
Dasani is buffeted by the sandstorm!
Celebi's Leftovers restored its HP a little!
Dasani's Leftovers restored its HP a little!
End of turn #45
[Azn] husk's Celebi: 74% HP
Loki's Dasani: 370 HP (Par)

Begin Turn #46
Loki withdrew Dasani!
Loki sent out Harry Truman (Lv.100 Skarmory)!
---------------------------------
Celebi used Calm Mind!
Celebi's Special Attack rose!
Celebi's Special Defense rose!
---------------------------------
The sandstorm rages.
Celebi is buffeted by the sandstorm!
Celebi's Leftovers restored its HP a little!
Harry Truman's Leftovers restored its HP a little!
End of turn #46
[Azn] husk's Celebi: 74% HP
Loki's Harry Truman: 137 HP
Bangladesh: its always very close between me and christopher

Begin Turn #47
Celebi used Psychic!
(50 damage)
It's not very effective...
---------------------------------
Harry Truman used Roar!
Celebi fled from battle!
Skarmory (Lv.100 Skarmory) was dragged out!
---------------------------------
The sandstorm rages.
Skarmory's Leftovers restored its HP a little!
Harry Truman's Leftovers restored its HP a little!
End of turn #47
[Azn] husk's Skarmory: 69% HP
Loki's Harry Truman: 107 HP
Bangladesh: but i usually take the win
HK: ask cloud and chris

Begin Turn #48
Skarmory used Spikes!
Loki's team had Spikes scattered around it!
---------------------------------
Harry Truman used Roar!
Skarmory fled from battle!
Celebi (Lv.100 Celebi) was dragged out!
Celebi is hurt by Spikes!
---------------------------------
The sandstorm rages.
Celebi is buffeted by the sandstorm!
Celebi's Leftovers restored its HP a little!
Harry Truman's Leftovers restored its HP a little!
End of turn #48
[Azn] husk's Celebi: 49% HP
Loki's Harry Truman: 127 HP

Begin Turn #49
Celebi used Recover!
Celebi regained health!
---------------------------------
Harry Truman used Roar!
Celebi fled from battle!
Swampert (Lv.100 Swampert) was dragged out!
Swampert is hurt by Spikes!
---------------------------------
Loki's team's Light Screen wore off!
The sandstorm rages.
Swampert's Leftovers restored its HP a little!
Harry Truman's Leftovers restored its HP a little!
End of turn #49
[Azn] husk's Swampert: 15% HP
Loki's Harry Truman: 147 HP

Begin Turn #50
Harry Truman used Drill Peck!
(15% damage)
A critical hit!
Swampert fainted!
[Azn] husk sent out Celebi (Lv.100 Celebi)!
Celebi is hurt by Spikes!
---------------------------------
The sandstorm rages.
Celebi is buffeted by the sandstorm!
Celebi's Leftovers restored its HP a little!
Harry Truman's Leftovers restored its HP a little!
End of turn #50
[Azn] husk's Celebi: 73% HP
Loki's Harry Truman: 167 HP

Begin Turn #51
Celebi used Psychic!
(69 damage)
It's not very effective...
---------------------------------
Harry Truman used Drill Peck!
(36% damage)
It's super effective!
---------------------------------
The sandstorm rages.
Celebi is buffeted by the sandstorm!
Celebi's Leftovers restored its HP a little!
Harry Truman's Leftovers restored its HP a little!
End of turn #51
[Azn] husk's Celebi: 37% HP
Loki's Harry Truman: 118 HP

Begin Turn #52
Celebi used Recover!
Celebi regained health!
---------------------------------
Harry Truman used Drill Peck!
(33% damage)
It's super effective!
---------------------------------
The sandstorm rages.
Celebi is buffeted by the sandstorm!
Celebi's Leftovers restored its HP a little!
Harry Truman's Leftovers restored its HP a little!
End of turn #52
[Azn] husk's Celebi: 54% HP
Loki's Harry Truman: 138 HP
[Azn] goofball: seed
[Azn] goofball: go
Roy: stop

Begin Turn #53
Celebi used Psychic!
(75 damage)
It's not very effective...
---------------------------------
Harry Truman used Drill Peck!
(34% damage)
It's super effective!
---------------------------------
The sandstorm rages.
Celebi is buffeted by the sandstorm!
Celebi's Leftovers restored its HP a little!
Harry Truman's Leftovers restored its HP a little!
End of turn #53
[Azn] husk's Celebi: 20% HP
Loki's Harry Truman: 83 HP
Aeolus: its cm bp

Begin Turn #54
Celebi used Recover!
Celebi regained health!
---------------------------------
Harry Truman used Rest!
Harry Truman went to sleep!
---------------------------------
The sandstorm rages.
Celebi is buffeted by the sandstorm!
Celebi's Leftovers restored its HP a little!
End of turn #54
[Azn] husk's Celebi: 70% HP
Loki's Harry Truman: 334 HP (Slp)
Bangladesh: use DRILL PECK

Begin Turn #55
Celebi used Calm Mind!
Celebi's Special Attack rose!
Celebi's Special Defense rose!
---------------------------------
Harry Truman is fast asleep.
---------------------------------
The sandstorm rages.
Celebi is buffeted by the sandstorm!
Celebi's Leftovers restored its HP a little!
End of turn #55
[Azn] husk's Celebi: 70% HP
Loki's Harry Truman: 334 HP (Slp)
Roy: lol

Begin Turn #56
Celebi used Psychic!
(105 damage)
It's not very effective...
---------------------------------
Harry Truman is fast asleep.
---------------------------------
The sandstorm rages.
Celebi is buffeted by the sandstorm!
Celebi's Leftovers restored its HP a little!
Harry Truman's Leftovers restored its HP a little!
End of turn #56
[Azn] husk's Celebi: 70% HP
Loki's Harry Truman: 249 HP (Slp)

Begin Turn #57
Celebi used Psychic!
(103 damage)
It's not very effective...
---------------------------------
Harry Truman woke up!
Harry Truman used Roar!
Celebi fled from battle!
Skarmory (Lv.100 Skarmory) was dragged out!
---------------------------------
The sandstorm rages.
Skarmory's Leftovers restored its HP a little!
Harry Truman's Leftovers restored its HP a little!
End of turn #57
[Azn] husk's Skarmory: 75% HP
Loki's Harry Truman: 166 HP

Begin Turn #58
Harry Truman used Roar!
Skarmory fled from battle!
Dugtrio (Lv.100 Dugtrio) was dragged out!
Dugtrio is hurt by Spikes!
---------------------------------
The sandstorm rages.
Harry Truman's Leftovers restored its HP a little!
End of turn #58
[Azn] husk's Dugtrio: 63% HP
Loki's Harry Truman: 186 HP
Bangladesh: DRILL PECK

Begin Turn #59
Dugtrio used Rock Slide!
(111 damage)
A critical hit!
---------------------------------
Harry Truman flinched!
---------------------------------
The sandstorm rages.
Harry Truman's Leftovers restored its HP a little!
End of turn #59
[Azn] husk's Dugtrio: 63% HP
Loki's Harry Truman: 95 HP
Roy: oh
Bangladesh: ok i'll stop.
Roy: my
[Azn] husk: hehe
Loki: lol
Aeolus: oh dear
[Azn] shiv: lol

Begin Turn #60
Dugtrio used Rock Slide!
(62 damage)
---------------------------------
Harry Truman used Rest!
Harry Truman went to sleep!
---------------------------------
The sandstorm rages.
End of turn #60
[Azn] husk's Dugtrio: 63% HP
Loki's Harry Truman: 334 HP (Slp)
Aeolus: that was almost really bitchy

Begin Turn #61
Dugtrio used Rock Slide!
(67 damage)
---------------------------------
Harry Truman is fast asleep.
---------------------------------
The sandstorm rages.
Harry Truman's Leftovers restored its HP a little!
End of turn #61
[Azn] husk's Dugtrio: 63% HP
Loki's Harry Truman: 287 HP (Slp)

Begin Turn #62
Dugtrio used Rock Slide!
(66 damage)
---------------------------------
Harry Truman is fast asleep.
---------------------------------
The sandstorm rages.
Harry Truman's Leftovers restored its HP a little!
End of turn #62
[Azn] husk's Dugtrio: 63% HP
Loki's Harry Truman: 241 HP (Slp)
Roy: yeah

Begin Turn #63
Dugtrio used Rock Slide!
Dugtrio's attack missed!
---------------------------------
Harry Truman woke up!
Harry Truman used Drill Peck!
(62% damage)
Dugtrio fainted!
[Azn] husk sent out Celebi (Lv.100 Celebi)!
Celebi is hurt by Spikes!
---------------------------------
The sandstorm rages.
Celebi is buffeted by the sandstorm!
Celebi's Leftovers restored its HP a little!
Harry Truman's Leftovers restored its HP a little!
End of turn #63
[Azn] husk's Celebi: 45% HP
Loki's Harry Truman: 261 HP
[Azn] groudon80: husk =[[[[[[[
Bangladesh: DRILL PECK!
Cutetrainer Chris: shut up lexar

Begin Turn #64
Loki withdrew Harry Truman!
Loki sent out MIKE JONES (Lv.100 Tyranitar)!
MIKE JONES is hurt by Spikes!
---------------------------------
Celebi used Recover!
Celebi regained health!
---------------------------------
The sandstorm rages.
Celebi is buffeted by the sandstorm!
Celebi's Leftovers restored its HP a little!
MIKE JONES's Leftovers restored its HP a little!
End of turn #64
[Azn] husk's Celebi: 95% HP
Loki's MIKE JONES: 255 HP
Aeolus: congrats loki
[Azn] husk: heh I knew I'd lose before I won a t-shirt
Loki: thanks
Roy: lexar lol
[Azn] husk: gg loki
[Azn] husk: well played
Loki: gg
Loki: thanks
[Azn] groudon80: loki its all you know

Begin Turn #65
Celebi used Baton Pass!
[Azn] groudon80: win this tourney
[Azn] husk sent out Skarmory (Lv.100 Skarmory)!
---------------------------------
MIKE JONES used Dragon Dance!
MIKE JONES's Attack rose!
MIKE JONES's Speed rose!
---------------------------------
The sandstorm rages.
MIKE JONES's Leftovers restored its HP a little!
Skarmory's Leftovers restored its HP a little!
End of turn #65
[Azn] husk's Skarmory: 81% HP
Loki's MIKE JONES: 276 HP
[Azn] groudon80: now even

Begin Turn #66
MIKE JONES used Taunt!
Skarmory fell for the Taunt!
---------------------------------
Skarmory can't use Whirlwind after the Taunt!
---------------------------------
The sandstorm rages.
MIKE JONES's Leftovers restored its HP a little!
Skarmory's Leftovers restored its HP a little!
End of turn #66
[Azn] husk's Skarmory: 87% HP
Loki's MIKE JONES: 297 HP
[Azn] husk: yeah

Begin Turn #67
[Azn] husk withdrew Skarmory!
[Azn] husk sent out Celebi (Lv.100 Celebi)!
Celebi is hurt by Spikes!
---------------------------------
MIKE JONES used Rock Slide!
MIKE JONES's attack missed!
---------------------------------
The sandstorm rages.
Celebi is buffeted by the sandstorm!
MIKE JONES's Leftovers restored its HP a little!
Celebi's Leftovers restored its HP a little!
End of turn #67
[Azn] husk's Celebi: 70% HP
Loki's MIKE JONES: 318 HP
Judgement: MIKE JONES

Begin Turn #68
MIKE JONES used Rock Slide!
(49% damage)
---------------------------------
Celebi used Psychic!
It doesn't affect MIKE JONES...
---------------------------------
Loki: MIKE JONES
The sandstorm rages.
Celebi is buffeted by the sandstorm!
MIKE JONES's Leftovers restored its HP a little!
Celebi's Leftovers restored its HP a little!
End of turn #68
[Azn] husk's Celebi: 21% HP
Loki's MIKE JONES: 339 HP

Begin Turn #69
MIKE JONES used Rock Slide!
MIKE JONES's attack missed!
---------------------------------
Celebi used Psychic!
It doesn't affect MIKE JONES...
---------------------------------
The sandstorm rages.
Celebi is buffeted by the sandstorm!
MIKE JONES's Leftovers restored its HP a little!
Celebi's Leftovers restored its HP a little!
End of turn #69
[Azn] husk's Celebi: 21% HP
Loki's MIKE JONES: 342 HP
Judgement: MIKE JONES
Loki: SOTP MIKE
Roy: whos mike jones

Begin Turn #70
MIKE JONES used Rock Slide!
MIKE JONES's attack missed!
---------------------------------
Celebi used Psychic!
It doesn't affect MIKE JONES...
---------------------------------
The sandstorm rages.
Celebi is buffeted by the sandstorm!
Celebi's Leftovers restored its HP a little!
End of turn #70
[Azn] husk's Celebi: 21% HP
Loki's MIKE JONES: 342 HP
Roy: ?
Cutetrainer Chris: he could run out of rock slide pp
Judgement: MIKE JONES
Cutetrainer Chris: see
Aeolus: dear god
Cutetrainer Chris: husk has a chance
[Azn] husk: use earthquake lol
Roy: lol
Cutetrainer Chris: loki is gonna run out of slide

Begin Turn #71
MIKE JONES used Earthquake!
(21% damage)
It's not very effective...
Celebi fainted!
[Azn] husk sent out Skarmory (Lv.100 Skarmory)!
---------------------------------
The sandstorm rages.
Skarmory's Leftovers restored its HP a little!
End of turn #71
[Azn] husk's Skarmory: 93% HP
Loki's MIKE JONES: 342 HP
Judgement: k
Aeolus: lol

Begin Turn #72
MIKE JONES used Rock Slide!
MIKE JONES's attack missed!
---------------------------------
Skarmory used Spikes!
But it failed!
---------------------------------
Loki: lasflasdf
The sandstorm rages.
Skarmory's Leftovers restored its HP a little!
End of turn #72
[Azn] husk's Skarmory: 99% HP
Loki's MIKE JONES: 342 HP
Roy: lol
Roy: ok
Cutetrainer Chris: told you

Begin Turn #73
MIKE JONES used Rock Slide!
(48% damage)
---------------------------------
Skarmory used Spikes!
But it failed!
---------------------------------
The sandstorm rages.
Skarmory's Leftovers restored its HP a little!
End of turn #73
[Azn] husk's Skarmory: 57% HP
Loki's MIKE JONES: 342 HP
Aeolus: dear jesus
Judgement: mike jones lol
Cutetrainer Chris: im betting on husk
[Azn] husk: I could
Judgement: huks will win

Begin Turn #74
MIKE JONES used Rock Slide!
(48% damage)
---------------------------------
Skarmory used Spikes!
But it failed!
---------------------------------
The sandstorm rages.
Skarmory's Leftovers restored its HP a little!
End of turn #74
[Azn] husk's Skarmory: 15% HP
Loki's MIKE JONES: 342 HP
Judgement: maybe

Begin Turn #75
MIKE JONES used Rock Slide!
(16% damage)
Skarmory fainted!
[Azn] husk: gg

End Battle! Loki wins!
Score: 0 to 4
Loki: gg
Judgement: MIKE JONES
Cutetrainer Chris has left.
[Azn] husk: gg
Roy has left.
Sexyman: =]
Judgement has left.
[Azn] groudon80 has left.
Exploding Bears has left.
Aeolus has left.
HK has left.
[Azn] goofball has left.
Sexyman has left.
[Azn] shiv has left.

NetBattle v0.9.6
Log saved 2/11/2007 at 3:00:08 PM